- role: document
  name: מוקש דהימן — לזכרו - eyal amit
  ref: root
  children:
    - role: link
      name: דלג לתוכן
      ref: e0
    - role: link
      name: דלג לתוכן העמוד
      ref: e1
    - role: link
      name: אייל עמית — דף הבית
      ref: e2
    - role: link
      name: טיפול בדיג׳רידו
      ref: e3
    - role: link
      name: השיטה
      ref: e4
    - role: link
      name: שיעורי דיג׳רידו
      ref: e5
    - role: link
      name: סאונד הילינג
      ref: e6
    - role: button
      name: לימוד והכשרה
      ref: e7
      states: [collapsed]
    - role: button
      name: כלים ואביזרים
      ref: e8
      states: [collapsed]
    - role: link
      name: מוזה הוצאה לאור
      ref: e9
    - role: link
      name: בלוג דיג׳רידו
      ref: e10
    - role: button
      name: אייל עמית
      ref: e11
      states: [collapsed]
    - role: link
      name: צור קשר
      ref: e12
    - role: button
      name: הפעלת קול בסרטון
      ref: e13
      states: [released]
    - role: link
      name: EN
      ref: e14
    - role: link
      name: טיפול בדיג׳רידו
      ref: e15
      nth: 1
    - role: link
      name: שיעורי דיג׳רידו
      ref: e16
      nth: 1
    - role: link
      name: סאונד הילינג
      ref: e17
      nth: 1
    - role: link
      name: השיטה cbDIDG
      ref: e18
    - role: link
      name: בלוג
      ref: e19
    - role: link
      name: ספרים · מוזה
      ref: e20
    - role: link
      name: אודות אייל
      ref: e21
    - role: link
      name: צור קשר
      ref: e22
      nth: 1
    - role: link
      name: פייסבוק
      ref: e23
    - role: link
      name: אינסטגרם
      ref: e24
    - role: link
      name: יוטיוב
      ref: e25
    - role: link
      name: טיקטוק
      ref: e26
    - role: link
      name: שלח הודעה בוואטסאפ (נפתח בחלון חדש)
      ref: e27
    - role: navigation
      name: תפריט ראשי
      ref: e28
    - role: listitem
      name: טיפול בדיג׳רידו
      ref: e29
    - role: listitem
      name: השיטה
      ref: e30
    - role: listitem
      name: שיעורי דיג׳רידו
      ref: e31
    - role: listitem
      name: סאונד הילינג
      ref: e32
    - role: listitem
      name: לימוד והכשרה
      ref: e33
    - role: listitem
      name: כלים ואביזרים
      ref: e34
    - role: listitem
      name: מוזה הוצאה לאור
      ref: e35
    - role: listitem
      name: בלוג דיג׳רידו
      ref: e36
    - role: listitem
      name: אייל עמית
      ref: e37
    - role: listitem
      name: צור קשר
      ref: e38
    - role: heading
      name: מוקש דהימן
      ref: e39
      level: 1
      name: מוקש דהימן היה אמן-נגר, בונה דיג'רידו ומורה מרישיקש שבהודו, שכבר בתחילת שנות השבעים הקדיש את חייו למלאכת בנייתו של הדיג'רידו ולהפצתו ככלי נשימה, ריפוי וחיבור ללב.
      ref: e40
    - role: heading
      name: מי היה מוקש דהימן?
      ref: e41
      level: 2
      name: מוקש דהימן היה אמן-נגר, בונה דיג'רידו ומורה מרישיקש שבהודו, שכבר בתחילת שנות השבעים הקדיש את חייו למלאכת בנייתו של הדיג'רידו ולהפצתו ככלי נשימה, ריפוי וחיבור ללב.
      ref: e42
      name: מתוך בית מלאכה צנוע סמוך לגדת נהר הגנגס, בנה מוקש במשך עשרות שנים כלי דיג'רידו בעבודת יד, ואירח ולימד אלפי מטיילים מכל העולם את מלאכת הבנייה, הנשימה וההקשבה דרך הכלי. בדרכו הפשוטה, הצנועה והעמוקה, הפך
      ref: e43
      name: אייל עמית, מורה ומטפל בדיג'רידו בישראל, פגש את מוקש בשנת 2000, למד ממנו לאורך השנים, והפך לתלמידו הקרוב ולאחד ממשיכי דרכו. עמוד זה נכתב לזכרו, להנצחת פועלו ולשמירת מורשתו של האיש שידע, דיבר ולימד שפה
      ref: e44
      name: ומכאן, במילותיי, הסיפור האישי שלי עם מוקש - האיש, המורה, החבר, והלב שממשיך להדהד דרך כל נשימה וכל צליל.
      ref: e45
    - role: heading
      name: היכרותו הראשונה של מוקש עם הדיג'רידו
      ref: e46
      level: 2
      name: סיפורו של מוקש מתחיל בסוף שנות השישים של המאה הקודמת. כמעט לפני 50 שנה. להקת הביטלס מגיעה לאשרם של מהרישי ברישיקש ויחד אתם נפתח לרווחה שער התיירות המערבית. מאות ואלפים החלו נוהרים לעיירה הקדושה, מחפשי
      ref: e47
      name: בין לבין ובסיום כל יום עבודה החל מוקש להתערבב קצת עם התיירים. אט אט למד כמה מילים בשפה האנגלית - מה שאפשר לו תקשורת ברמה בסיסית, אך בהחלט מספקת. זה מדהים לגלות איזה שיחות נפש אפשר לנהל בהודו עם אדם שב
      ref: e48
    - role: heading
      name: צינור האום
      ref: e49
      level: 2
      name: "יום אחד, בתחילת שנות השבעים, הגיע למלון בו מוקש ואבא שלו עבדו, תייר אוסטרלי חביב עם תיק גב ובידו אחז גזע במבוק ארוך ועבה - לא בדיוק המראה הקלאסי של \"מקל הליכה\". כשמוקש שאל אותו באנגלית שבורה מה פשר הד"
      ref: e50
      name: אם מקודם זה היה מוקש שעמד המום, עכשיו היה זה תורו של האוסטרלי לשמוט את הלסת. טכניקת הנשימה המעגלית בדיג'רידו ידועה כמאתגרת מאוד ולמרבית האנשים כלל איננה אינטואיטיבית. לאדם הממוצע לוקח זמן רב עד שהטכני
      ref: e51
    - role: heading
      name: שפת הלב
      ref: e52
      level: 2
      name: "ואכן, אחרי הכירות אישית עמוקה שלי עם מוקש, כמעט שלושה עשורים אחרי אותו מפגש עם התייר האוסטרלי - אם היו מבקשים ממני לתאר את האיש הנדיר הזה בכמה מילים, ומבלי להשתמש במילה \"מואר\", אז מרבית המילים שהייתי"
      ref: e53
      name: מוקש מעולם לא פגש אבוריג'יני, מעולם לא ניגן בכלי נגינה כלשהו ומעולם גם לא יצא מגבולות הודו בגופו. למעשה, הפעמים בהן יצא מביתו היו בעיקר לצרכי יאטרה במקומות קדושים וביקור חבריו הסהדואים בפסגות ההימליה.
      ref: e54
      name: ברבות השנים זכה מוקש לביקורים רבים של סהדואים גדולים שחלקו לו כבוד רב ותמיד ראו בו כאחד משלהם – אח למנטרה. מיוחד, בלתי רגיל בעליל ורחוק מאוד מהממוצע, כבר אמרתי.
      ref: e55
    - role: heading
      name: בית המלאכה ברישיקש
      ref: e56
      level: 2
      name: "מאז אותו מפגש מכונן עם \"צינור האום\" מוקש החליט להקדיש את חייו לדיג'רידו. הוא ראה בהפצתו שליחות של ממש. הוא הקים בית מלאכה קטן וצנוע בחצר ביתו השוכן מרחק הליכה מגדת הגנגס, קרוב לשוק הגדול של רישיקש. וש"
      ref: e57
    - role: region
      name: מוקש דהימן נושם בדיג'רידו בחצר בית המלאכה
      ref: e58
      name: shanti play mantra inside – shanti coming home
      ref: e59
      name: מוקש דהימן
      ref: e60
    - role: heading
      name: מוקש במרחבי ה- Dream Time
      ref: e61
      level: 2
      name: אם כבר הזכרתי את נגני הדיג' של היום, אז באופן כללי, בסצנת הדיג'רידו העולמית ובקורלציה מוחלטת לתדר העולמי המהיר והתזזיתי שאנו חיים בו כיום, לא מפתיע שהחשיפה שלנו לדיג'רידו בעת הנוכחית היא בעיקר דרך מוס
      ref: e62
      name: אז כן, הדיג'רידו בהחלט יודע לעשות גם את זה – לתת בראש בהופעות. אבל, צריך לזכור שלאבוריג'ינים לא היו מחשבים וגם לא היו להם לופרים, וטכניקת הדיג'-בוקס הכה פופולרית היום היא בכלל המצאה מערבית של ה-10-15
      ref: e63
      name: הדיג'רידו מגיע מעולם קדום, שורשי, שמאני, מאגי. עולם של ציידים-לקטים שחיו בהרמוניה עם האדמה, עם המים, עם החי, הצומח והדומם. תרבות נוודית שהיתה לגמרי אחד עם הטבע סביבה והשתמשה בדיג'רידו ככלי ריפוי, ככלי
      ref: e64
      name: מוקש, שבמשך כל חייו חקר את נושא הנשימה והתודעה דרך צינור האום, ולמעשה תירגל באופן יום יומי את כל אותן טכניקות פראניימה שהיו מוכרות לו מהעולם היוגי-סהדואי, אט אט נחשף למנטרות נשימה מסוימות שהחלו להתגלו
      ref: e65
    - role: heading
      name: קוטלי - הסטודיו החדש בהימליה
      ref: e66
      level: 2
      name: הזמנים משתנים ... כוחות כלכליים חדשים בהודו מביאים את בית המלאכה ברישיקש לטבוע מתחת למגדלי בטון, פלסטיק, מסכי סמארטפונים, רעש צופרים וזיהום אוויר קשה. העיירה השקטה והשלווה על גדת הגנגס הפכה לעיר סואנת
      ref: e67
      name: "מוקש, שכל חייו נמשך לאורח החיים הסהדואי, ושמושג ה\"שאנטי\" הפך אמונתו ודרך חייו, החליט לחפש אדמה חדשה, הרחק מהמולת העיר, קרוב יותר לטבע, בפשטות, כמו בימים ההם. להקים מקום חדש, מבודד בהרים, שישמש עבורו ו"
      ref: e68
      name: בשאנטי.
      ref: e69
    - role: heading
      name: האדמה בקוטלי
      ref: e70
      level: 2
      name: בעזרתם הפיננסית של שניים מתלמידיו המקורבים ובעזרת רשת קהילת המטיילים הגלובלית שכבר הכירה את פועלו ותרמה כספים, גוייס הסכום המבוקש. האדמה המתאימה נמצאה בקוטלי - כפר קטן ובתולי למרגלות ההימלאיה, 1000 מט
      ref: e71
      name: בשנת 2013 העבודה החלה, אך במהרה גילה מוקש כי סכום הכסף שגוייס לא מספיק להשלמת הפרוייקט. הכסף הספיק רק להקמת בקתה קטנה וצנועה של חדר אחד ולהנחת היסודות הראשונים של הסטודיו. חלומו של מוקש נאלץ לחכות. הס
      ref: e72
    - role: heading
      name: תחנות בדרכו של מוקש
      ref: e73
      level: 2
    - role: listitem
      name: סוף שנות השישים להקת הביטלס מגיעה לאשרם של מהרישי ברישיקש ויחד אתם נפתח לרווחה שער התיירות המערבית. מוקש, עדיין נער צעיר מקסטה של אמנים-נגרים, נקרא למשימה ביחד עם אביו.
      ref: e74
      name: להקת הביטלס מגיעה לאשרם של מהרישי ברישיקש ויחד אתם נפתח לרווחה שער התיירות המערבית. מוקש, עדיין נער צעיר מקסטה של אמנים-נגרים, נקרא למשימה ביחד עם אביו.
      ref: e75
    - role: listitem
      name: תחילת שנות השבעים תייר אוסטרלי מגיע למלון עם גזע במבוק ארוך ועבה ומשמיע את צליל ה-אום. מוקש מטמיע את טכניקת הנשימה המעגלית בדקות, ומחליט להקדיש את חייו לדיג'רידו.
      ref: e76
      name: תייר אוסטרלי מגיע למלון עם גזע במבוק ארוך ועבה ומשמיע את צליל ה-אום. מוקש מטמיע את טכניקת הנשימה המעגלית בדקות, ומחליט להקדיש את חייו לדיג'רידו.
      ref: e77
    - role: listitem
      name: בית המלאכה מוקש מקים בית מלאכה קטן וצנוע בחצר ביתו, מרחק הליכה מגדת הגנגס, ובמשך עשרות שנים בונה ביד כלי דיג'רידו ומלמד אלפי מטיילים.
      ref: e78
      name: מוקש מקים בית מלאכה קטן וצנוע בחצר ביתו, מרחק הליכה מגדת הגנגס, ובמשך עשרות שנים בונה ביד כלי דיג'רידו ומלמד אלפי מטיילים.
      ref: e79
    - role: listitem
      name: 2000 אייל עמית פוגש את מוקש, לומד ממנו לאורך השנים והופך לתלמידו הקרוב ולאחד ממשיכי דרכו.
      ref: e80
      name: אייל עמית פוגש את מוקש, לומד ממנו לאורך השנים והופך לתלמידו הקרוב ולאחד ממשיכי דרכו.
      ref: e81
    - role: listitem
      name: 2013 העבודה על הסטודיו החדש בקוטלי, 1000 מטר מעל רישיקש, מתחילה — אך נעצרת כשהכסף שגוייס אינו מספיק.
      ref: e82
      name: העבודה על הסטודיו החדש בקוטלי, 1000 מטר מעל רישיקש, מתחילה — אך נעצרת כשהכסף שגוייס אינו מספיק.
      ref: e83
    - role: listitem
      name: 2019 הבנייה בקוטלי מתחדשת. מאיש מזדקן ועייף הופך מוקש בין רגע לפועל בניין חרוץ ומסור.
      ref: e84
      name: הבנייה בקוטלי מתחדשת. מאיש מזדקן ועייף הופך מוקש בין רגע לפועל בניין חרוץ ומסור.
      ref: e85
    - role: listitem
      name: 11.10.2020 בבוקר ה- 11.10.2020 עזב מוקש את גופו. טקס שריפתו נערך על גדת הגנגס סמוך לביתו.
      ref: e86
      name: בבוקר ה- 11.10.2020 עזב מוקש את גופו. טקס שריפתו נערך על גדת הגנגס סמוך לביתו.
      ref: e87
    - role: heading
      name: הביקור בקוטלי
      ref: e88
      level: 2
      name: בשנת 2018, כמעט 6 שנים לאחר שהפרוייקט נעצר, ואחרי למעלה מעשור שלא נפגשנו, הגעתי עם אשתי ושני ילדיי לביקור אצל מוקש. הגענו אליו אחרי שנה של מסע עם הילדים במזרח. מיותר להדגיש את עוצמת השמחה וגובה ההתרגש
      ref: e89
      name: הביקור בקוטלי היה עוצמתי ומפעים, בייחוד המפגש של הילדים שלי עמו. זו אמנם היתה הפעם הראשונה ולצערי גם האחרונה שהם נפגשו, אך המפגש היה מרגש ומבורך כל כך - ועל כך אהיה אסיר תודה תמיד. האיש המיוחד הזה, שת
      ref: e90
      name: אחרי סיור מקיף בין יסודות הסטודיו החדש וכמה שיחות של השלמות פערים, קלטתי שמוקש זקוק לעזרה. הוא כבר מזדקן וההמתנה האינסופית הזו לנס שיבוא ויאפשר לו להשלים את הפרוייקט – לא ממש תרמו למצבו הבריאותי. באות
      ref: e91
    - role: heading
      name: הגשמת החלום
      ref: e92
      level: 2
      name: "חצי שנה אח\"כ נפגשנו שוב. אח שלי גיא, שהספיק כבר להכיר את מוקש בעבר, הצטרף אלי למסע. נסענו יחד, לשבועיים וחצי, נטו לשהות במחיצתו של מוקש, וכמובן לקדם את עניין הסטודיו בקוטלי."
      ref: e93
      name: בשל היכרותנו העמוקה והאמון המחלט השורר בנינו, מוקש הסכים להעניק לנו אישור מיוחד לצלם אותו, מתי, איפה וכמה שאני רוצה. בכל מצב, בכל סיטואציה, בכל מקום ובכל זמן. בלי ליידע אותו ובלי לשאול אותו מראש. גיא
      ref: e94
    - role: heading
      name: The Art of Shanti Living
      ref: e95
      level: 2
      name: מהחומרים הסופר נדירים שצילמנו, זיקקנו ברגישות ובזהירות רבה את האיש הזה. ניסינו לענות על השאלה הפשוטה - מי זה מוקש, מה כל כך מיוחד באיש הזה, איך זה שאלפי אנשים מסביב לגלובוס ביקרו בסדנה שלו במהלך ארבעת
      ref: e96
      name: אחרי כמה חודשים ארוכים של עריכה, הסרט בן ה-60 דקות הושלם. כאן בתחתית העמוד תוכלו לצפות בקטע קצר ממנו המהווה פרומו בלבד לסרט המלא.
      ref: e97
      name: בעזרתו של גיא ועוד שני תלמידים ותיקים נוספים של מוקש שהתמזל מזלי להכיר, ג'מה הספרדייה ובאצ'ו הגיאורגי, הרמנו פרוייקט גיוס המונים עולמי וגם פתחנו דף פייסבוק לסרט MUKESH - The Art of Shanti Living
      ref: e98
      name: הקרנתו הראשונה והמרגשת של הסרט התקיימה במסגרת פסטיבל הדיג'רידו הישראלי. מאות אנשים שמרביתם כלל לא הכירו את מוקש, שמעו לראשונה על האיש ופועלו. בהמשך התקיימו הקרנות נוספות בארץ ובמקומות שונים בעולם. כול
      ref: e99
      name: בשנת 2019 חודשה הבנייה בקוטלי. מוקש לא ידע את נפשו מרוב התרגשות ושמחה. מאיש מזדקן ועייף הוא הפך בין רגע לפועל בניין חרוץ ומסור, שכל כוחותיו שבו אליו. מדי כמה ימים הייתי מקבל מבניו תמונות וסרטונים המתע
      ref: e100
      name: "בראש שלי כבר עשיתי תוכניות להמשך. תכננתי להגיע שוב לביקור, והפעם לצלם את ה-\"אחרי\". להראות בסוף הסרט שהחלום של מוקש הוגשם, ושהסטודיו הושלם, פעיל ושוקק חיים. האם יכול להיות סוף שמח וטוב יותר מזה?"
      ref: e101
      name: מושלם!!!
      ref: e102
    - role: heading
      name: תפנית חדה בעלילה
      ref: e103
      level: 2
      name: אז כן, כעבור שנה של בנייה אינטנסיבית במו ידיו של מוקש, ארבעת בניו ועוד מספר פועלים, הסטודיו בקוטלי הושלם. מוקש זכה להגשים את חלומו הישן ולראות את המקום עומד ומוכן. חגיגות הפתיחה כבר היו מעבר לפינה, אך
      ref: e104
    - role: heading
      name: פרידה
      ref: e105
      level: 2
      name: בבוקר ה- 11.10.2020 עזב מוקש את גופו. הוא הותיר אחריו אישה – אניטה, ארבעה בנים – גוראפ, דאמרו, טריסול ומונסון, בת נשואה – גיני, ונכדה – פריטי.
      ref: e106
      name: טקס שריפתו נערך על גדת הגנגס סמוך לביתו. במקביל נערכו טקסי פוג'ה פרטיים במקומות רבים מסביב לעולם. אנשים שהכירו והוקירו את מפעל חייו הדליקו ביום הזה נר לזכרו, הדליקו קטורת ונשמו בדיג'רידו לעילוי נשמתו.
      ref: e107
    - role: heading
      name: מפעל חייו ימשיך להדהד
      ref: e108
      level: 2
      name: שנה בדיוק חלפה מאז עזיבתו של מוקש, ולצערי הרב מגפת הקורונה עדיין כאן אתנו בעת כתיבת שורות אלה. השמיים להודו עדיין סגורים והסטודיו בקוטלי עדיין עומד שומם. הלוואי ולסיפור הזה היה סוף אחר, אבל אלה הם החי
      ref: e109
      name: הדבר היחיד שאנחנו יכולים לעשות הוא לזכור את האיש הצנוע והכה מיוחד הזה. לזכור את האיש שמעולם לא חיפש פרסום ומעולם לא דרש הכרה בפועלו. לזכור את האיש שהצליח לגעת בלב של אנשים רבים כל כך - באופן ישיר ובאו
      ref: e110
      name: "מפעל חייו, הדיג'רידו, ימשיך להדהד, לצמוח ולהתעצם בעולם כולו עד שלא ישאר אדם אחד על הפלנטה שלא יכיר את כלי הנשימה המופלא הזה. תאמינו או לא, אבל כבר עכשיו, באתר הרשמי של קופ\"ח מכבי מכירים היום ואף ממליצ"
      ref: e111
    - role: heading
      name: ומה היום
      ref: e112
      level: 2
      name: בשנת 2026, שש שנים לאחר פטירתו של מוקש, טסתי להודו לבקר את המשפחה ולסגור מעגל שנשאר אצלי בלב פתוח מאז פטירתו. השנים של הקורונה והמלחמה הבלתי נגמרת עם כל שכנינו במזרח התיכון מנעו ממני לטוס. עם יד על הל
      ref: e113
      name: אחרי טבילה במים של מוקש (המקום הספציפי גל גדת הגנגס בה מוקש נהג לטבול), עריכת טקסי פרידה פרטיים וביקור בכל המקדשים, מערות ומקומות הקדושים שמוקש אהב לבקר ולקחת אותי אליהם, המעגל הושלם. נוכחותו הפיזית ש
      ref: e114
    - role: heading
      name: תם עידן מוקש ברישיקש
      ref: e115
      level: 2
      name: פטירתו הפתאומית של מוקש גדעה לצערי את פעילותו ופועלו ברישיקש. שנים קשות ומורכבות מאוד עברו על אשתו וארבעת בניו בניסיון לשרוד במציאות קשה ומורכבת. בנוסף לכל הצרות בשנת 2004 נהר הגנגס עלה על גדותיו וליט
      ref: e116
      name: ההחלטה היתה קשה, אך בסופו של דבר הם החליטו למכור את בית המלאכה המיתולוגי ועם הכסף בנו לעצמם בית חדש.
      ref: e117
      name: כשהגעתי לביקור עמד שם בית חדש שאינני מכיר. בית ללא חצר, ללא שמיים פתוחים ועם שער ברזל כבד ומנעול. איפה שעמד פעם בית המלאכה הוקם מלון הודי פשוט. מחזה בלתי נתפס שממש שובר את הלב.
      ref: e118
      name: בהתאם למסורת ההודית בנו הבכור של מוקש ירש את העסק (Jungle Vibes) ונכון להיום הוא היחיד מבין כל האחים שמנסה עדיין לעסוק במלאכת בניית כלי נגינה בחנות קטנה, שוממת וכושלת.
      ref: e119
      name: שברון הלב הגדול ביותר שחוויתי בביקור הזה התרחש בעת הביקור שלי בקוטלי.
      ref: e120
      name: לראות את המקום ככה מוזנח.. מטונף.. הבקתה רקובה לגמרי. צואת עכברושים בין השמיכות המעופשות. פינת הבישול במצב קטטוני, סכנה תברואתית של ממש. הסטודיו החדש שבנינו עומד שומם וכולו אכול טרמיטים. זו רק שאלה של
      ref: e121
      name: מתוך כבוד והערכה למוקש, כרעתי על בירכיי ובמשך יום שלם מילאתי עם ידיים חשופות 8 שקים ענקיים של זבל מכל המתחם. אספתי בעיקר שברי זכוכיות של בקבוקי וויסקי.
      ref: e122
      name: ממקום מטופח ומלבלב של שיחי ורדים, אלוורה, כורכום, ג'ינג'ר ואפילו זן נדיר של במבוק יפני שמוקש שתל במו ידיו, המקום הפך למאורת שיכורים ונרקומנים הודים שמצאו לעצמם זולה נטושה ופשוט השמידו וחירבו את המקום.
      ref: e123
      name: קרו עוד הרבה דברים בביקור הזה. דברים קשים ומצערים כל כך שכבר הפסקתי לספור את הפעמים שנשבר לי הלב. מתוך כבוד למוקש אני מעדיף שלא להעלותם על הכתב, אבל גם בלעדיהם נראה לי שהתמונה כבר די ברורה..
      ref: e124
      name: השורה התחתונה היא שמוקש איננו. תם עידן מוקש ברישיקש. הוא איננו נוכח שם יותר, לא בגופו ולצערי גם לא ברוחו. האנרגיה במקום השתנתה קליל, השפה המדוברת כבר מזמן איננה שפת הלב. הקסם פג לגמרי.
      ref: e125
      name: אני מתפלל לאלוהים ומקווה שיעשה חסד עם משפחתו של מוקש ויעזור להם למצוא שוב את הדרך.
      ref: e126
    - role: heading
      name: הרוח של מוקש חיה וקיימת
      ref: e127
      level: 2
      name: חזרתי מהודו שבור לב, אך במקביל גם בתחושת שליחות גדולה יותר מאי פעם. אני מרגיש זכות כל כך גדולה וענקית להמשיך את דרכו ופועלו של מוקש. כאן, בלב שלי, ובמרכז לטיפול בדיג'רידו שהקמתי בחצר ביתנו בפרדס חנה,
      ref: e128
      name: בשנת 2018 בעודו בחיים, קיבלתי את ברכתו של מוקש שהכריז על המרכז שהקמתי כסניף הרשמי של Jungle Vibes בישראל.
      ref: e129
      name: כמוני בדיוק ישנם עוד מורים, בנאים ומטפלים אחרים בדיג'רידו ברחבי העולם, שיצאו מבית מלאכתו של מוקש. את חלקם אני מכיר באופן אישי, אך לצערי זיקתם למוקש והקשר אליו אבדו מזמן. מורשתו ומשנתו של מוקש כלל איננ
      ref: e130
      name: בתחומים אחרים, לא של דיג'רידו, אני מכיר באופן אישי גם לא מעט מטפלים הוליסטיים ובעלי מקצוע אחרים ההולכים בדרכו של מוקש, מדברים את שפת הלב ומיישמים את משנתו ותורתו בעשייתם.
      ref: e131
    - role: heading
      name: דברי הספד
      ref: e132
      level: 2
      name: נוח על משכבך בשלום מורי היקר והאהוב, מוקש דהימן. האיש שהפך לאגדה עוד בימי חייו. הנגר, האמן, החכם, השאמן, ההילר, הבאבא ואיש המשפחה, שהקדיש את כל חייו להפצת בשורת הדיג'רידו, ומבלי שתכנן או אפילו ידע הפך
      ref: e133
      name: יהי זכרך ברוך ומבורך
      ref: e134
      name: אוהב אותך עד נשימתי האחרונה
      ref: e135
      name: אייל עמית
      ref: e136
      name: "\"Shanti Play Mantra Inside, Shanti Coming Home\""
      ref: e137
      name: Om Mukesh Ji
      ref: e138
    - role: heading
      name: מה מציעים
      ref: e139
      level: 4
    - role: heading
      name: עוד
      ref: e140
      level: 4
      name: המרכז לטיפול בנשימה באמצעות דיג׳רידו · פרדס חנה, ישראל. שיטת cbDIDG, מאז 1999.
      ref: e141
      name: © 2026 אייל עמית · כל הזכויות שמורות
      ref: e142