- role: document
  name: טיפול בדיג'רידו - eyal amit
  ref: root
  children:
    - role: link
      name: דלג לתוכן
      ref: e0
    - role: link
      name: דלג לתוכן העמוד
      ref: e1
    - role: link
      name: אייל עמית — דף הבית
      ref: e2
    - role: link
      name: טיפול בדיג׳רידו
      ref: e3
    - role: link
      name: השיטה
      ref: e4
    - role: link
      name: שיעורי דיג׳רידו
      ref: e5
    - role: link
      name: סאונד הילינג
      ref: e6
    - role: button
      name: לימוד והכשרה
      ref: e7
      states: [collapsed]
    - role: button
      name: כלים ואביזרים
      ref: e8
      states: [collapsed]
    - role: link
      name: מוזה הוצאה לאור
      ref: e9
    - role: link
      name: בלוג דיג׳רידו
      ref: e10
    - role: button
      name: אייל עמית
      ref: e11
      states: [collapsed]
    - role: link
      name: צור קשר
      ref: e12
    - role: button
      name: הפעלת קול בסרטון
      ref: e13
      states: [released]
    - role: link
      name: EN
      ref: e14
    - role: link
      name: לתיאום שיחת היכרות
      ref: e15
    - role: link
      name: cbDIDG
      ref: e16
    - role: link
      name: מוקש דהימן
      ref: e17
    - role: generic
      name: סטרס כרוני
      ref: e18
    - role: generic
      name: מתח ועומס רגשי
      ref: e19
    - role: generic
      name: נחירות ודום נשימה
      ref: e20
    - role: generic
      name: נשימה מטיבה יותר
      ref: e21
    - role: generic
      name: לעצור רגע
      ref: e22
    - role: link
      name: cbDIDG
      ref: e23
      nth: 1
    - role: link
      name: מוקש דהימן
      ref: e24
      nth: 1
    - role: button
      name: נגן סרטון
      ref: e25
    - role: button
      name: תהליך אישי טיפול בדיג׳רידו
      ref: e26
    - role: link
      name: למידע נוסף על טיפול בדיג׳רידו
      ref: e27
    - role: button
      name: הקשבה פאסיבית סאונד הילינג בדיג׳רידו
      ref: e28
    - role: link
      name: למידע נוסף על סאונד הילינג בדיג׳רידו
      ref: e29
    - role: button
      name: לימוד נגינה שיעורי נגינה בדיג׳רידו
      ref: e30
    - role: link
      name: למידע נוסף על שיעורי נגינה בדיג׳רידו
      ref: e31
    - role: button
      name: מה זה בעצם טיפול בדיג׳רידו?
      ref: e32
    - role: button
      name: איך זה שונה מסאונד הילינג?
      ref: e33
    - role: button
      name: האם צריך לדעת לנגן כדי להתחיל?
      ref: e34
    - role: button
      name: מה הקשר בין דיג׳רידו לנשימה היומיומית?
      ref: e35
    - role: button
      name: "זה מתאים גם למי שלא \"מחובר לעולם הזה\"?"
      ref: e36
    - role: button
      name: אי אפשר פשוט ללמוד לנשום לבד?
      ref: e37
    - role: button
      name: במה זה שונה מטיפולי נשימה אחרים?
      ref: e38
    - role: button
      name: האם זה מתאים גם למי שכבר מכיר נשימה מעגלית?
      ref: e39
    - role: button
      name: האם זה טיפול רפואי?
      ref: e40
    - role: button
      name: האם זה מתאים למי שמתמודד עם סטרס או עומס?
      ref: e41
    - role: button
      name: תוך כמה זמן רואים שינוי?
      ref: e42
    - role: button
      name: כמה זמן נמשך התהליך?
      ref: e43
    - role: button
      name: האם צריך לתרגל גם בין המפגשים?
      ref: e44
    - role: button
      name: מה קורה במפגש הראשון?
      ref: e45
    - role: button
      name: למי זה פחות מתאים?
      ref: e46
    - role: link
      name: cbDIDG
      ref: e47
      nth: 2
    - role: link
      name: מוקש דהימן
      ref: e48
      nth: 2
    - role: link
      name: לתיאום שיחת היכרות
      ref: e49
      nth: 1
    - role: link
      name: טיפול בדיג׳רידו
      ref: e50
      nth: 1
    - role: link
      name: שיעורי דיג׳רידו
      ref: e51
      nth: 1
    - role: link
      name: סאונד הילינג
      ref: e52
      nth: 1
    - role: link
      name: השיטה cbDIDG
      ref: e53
    - role: link
      name: בלוג
      ref: e54
    - role: link
      name: ספרים · מוזה
      ref: e55
    - role: link
      name: אודות אייל
      ref: e56
    - role: link
      name: צור קשר
      ref: e57
      nth: 1
    - role: link
      name: פייסבוק
      ref: e58
    - role: link
      name: אינסטגרם
      ref: e59
    - role: link
      name: יוטיוב
      ref: e60
    - role: link
      name: טיקטוק
      ref: e61
    - role: link
      name: שלח הודעה בוואטסאפ (נפתח בחלון חדש)
      ref: e62
    - role: navigation
      name: תפריט ראשי
      ref: e63
    - role: listitem
      name: טיפול בדיג׳רידו
      ref: e64
    - role: listitem
      name: השיטה
      ref: e65
    - role: listitem
      name: שיעורי דיג׳רידו
      ref: e66
    - role: listitem
      name: סאונד הילינג
      ref: e67
    - role: listitem
      name: לימוד והכשרה
      ref: e68
    - role: listitem
      name: כלים ואביזרים
      ref: e69
    - role: listitem
      name: מוזה הוצאה לאור
      ref: e70
    - role: listitem
      name: בלוג דיג׳רידו
      ref: e71
    - role: listitem
      name: אייל עמית
      ref: e72
    - role: listitem
      name: צור קשר
      ref: e73
    - role: heading
      name: טיפול ב דיג׳רידו
      ref: e74
      level: 1
      name: להחזיר שליטה על הנשימה דרך עבודה אקטיבית עם דיג׳רידו, תרגול נשימה וליווי אישי
      ref: e75
      name: לתיאום שיחת היכרות
      ref: e76
    - role: heading
      name: משהו בנשימה שלך מבקש תשומת לב
      ref: e77
      level: 2
      name: הנשימה היא לא פעולה אוטומטית לחלוטין. רוב הזמן היא מתרחשת לבד, בלי שנשים לב.
      ref: e78
      name: אבל ברגע שמפנים אליה תשומת לב, יש לנו יכולת להשפיע עליה. לשנות עומק, קצב, איכות. לבחור איך לנשום.
      ref: e79
      name: ובדיוק שם מתחילה העבודה.
      ref: e80
      name: העבודה במרכז מבוססת על שיטת cbDIDG שפותחה לאורך השנים מתוך ניסיון מעשי, ובהשראת חניכה אישית אצל המאסטר לדיג׳רידו – מוקש דהימן .
      ref: e81
      name: סטרס, עומס והרגלים יומיומיים משנים עם הזמן את האופן שבו אנחנו נושמים, גם בלי שנרגיש בזה.
      ref: e82
      name: וכשזה קורה לאורך זמן, הנשימה כבר לא תומכת בנו כמו שהיא יכולה.
      ref: e83
      name: העבודה כאן מתחילה מהמקום הזה, להחזיר מודעות, ולהחזיר אפשרות בחירה.
      ref: e84
    - role: heading
      name: מה זה טיפול בדיג׳רידו
      ref: e85
      level: 2
      name: טיפול בדיג׳רידו הוא תהליך אישי שבו עובדים באופן אקטיבי עם הנשימה היומיומית.
      ref: e86
      name: הדיג׳רידו משמש כאן ככלי עבודה, לא כמטרה. העבודה אינה על הנגינה עצמה, אלא על הדרך שבה אנחנו נושמים.
      ref: e87
      name: "במהלך המפגשים לומדים: איך מערכת הנשימה פועלת בפועל, כיצד הנשימה משפיעה על הגוף, התודעה ואיכות החיים, לזהות דפוסים אוטומטיים ואופני נשימה, לפתח שליטה, יציבות ויכולת ויסות במערכת הנשימה."
      ref: e88
      name: הנגינה בדיג׳רידו מתאפשרת באמצעות טכניקת נשימה מעגלית בדיג׳רידו, שמאפשרת הפקת צליל רציף ללא הפסקות.
      ref: e89
      name: זו טכניקה שדורשת למידה, דיוק ותרגול.
      ref: e90
      name: וכשזה קורה, משהו בנשימה היומיומית מתחיל להשתנות.
      ref: e91
      name: בטיפול בדיג׳רידו, טכניקת הנשימה המעגלית בדיג׳רידו אינה המטרה, אלא אמצעי.
      ref: e92
      name: המטרה היא שינוי של הדרך שבה נושמים ביומיום, זו שמלווה את האדם לאורך כל היום וגם בזמן השינה.
      ref: e93
    - role: heading
      name: איך עובד הטיפול בדיג׳רידו
      ref: e94
      level: 2
    - role: heading
      name: פוגשים את הנשימה
      ref: e95
      level: 3
      name: בהתחלה, פוגשים את הנשימה היומיומית כפי שהיא. לומדים להרגיש אותה ולהבין איך היא מתנהלת.
      ref: e96
    - role: heading
      name: מדייקים ומחזקים
      ref: e97
      level: 3
      name: בהמשך, העבודה נעשית מדויקת יותר. מתרגלים, מחזקים ומפתחים שליטה ויציבות.
      ref: e98
    - role: heading
      name: השינוי מתבסס
      ref: e99
      level: 3
      name: עם הזמן, משהו מתחיל להתבסס. הנשימה היומיומית נעשית יציבה יותר, מדויקת יותר ומווסתת יותר.
      ref: e100
    - role: heading
      name: תרגול בין המפגשים
      ref: e101
      level: 3
      name: העבודה כוללת גם תרגול בין המפגשים. שם מתרחש חלק משמעותי מהתהליך.
      ref: e102
    - role: region
      name: מפגש נשימה בגינת הסטודיו
      ref: e103
      name: הנשימה היא לכולם.
      ref: e104
      name: אייל עמית
      ref: e105
    - role: heading
      name: למי זה מתאים
      ref: e106
      level: 2
    - role: heading
      name: סטרס כרוני
      ref: e107
      level: 3
      name: מתמודד עם סטרס כרוני
      ref: e108
    - role: heading
      name: מתח ועומס רגשי
      ref: e109
      level: 3
      name: חווה מתח, חרדה או עומס רגשי מתמשך
      ref: e110
    - role: heading
      name: נחירות ודום נשימה
      ref: e111
      level: 3
      name: סובל מנחירות או דום נשימה בשינה
      ref: e112
    - role: heading
      name: נשימה מטיבה יותר
      ref: e113
      level: 3
      name: רוצה ללמוד לנשום בצורה מדויקת, נכונה ומטיבה יותר
      ref: e114
    - role: heading
      name: לעצור רגע
      ref: e115
      level: 3
      name: וגם למי שפשוט רוצה לעצור רגע, ולהכניס יותר שקט, מודעות, מיקוד, קרקוע ונוכחות לחיים.
      ref: e116
    - role: heading
      name: איך נראה מפגש
      ref: e117
      level: 2
      name: העבודה במפגשים מבוססת על שיטת cbDIDG שפותחה לאורך השנים מתוך ניסיון מעשי, ובהשראת חניכה אישית אצל המאסטר לדיג׳רידו – מוקש דהימן .
      ref: e118
      name: המפגשים מתקיימים אחד על אחד, בסטודיו בפרדס חנה.
      ref: e119
      name: זהו מרחב שקט ונעים, הממוקם בלב חצר ירוקה עם עצי פרי, שבילי עץ וצמחייה חיה. כבר בכניסה למקום, משהו בקצב משתנה והלב נפתח.
      ref: e120
      name: המפגש הראשון כולל אבחון, ולכן הוא לרוב מעט ארוך יותר. אין צורך בניסיון קודם. העבודה מתחילה מהבסיס.
      ref: e121
    - role: heading
      name: מה ההבדל בין טיפול, סאונד הילינג ושיעורים
      ref: e122
      level: 2
      name: לא כל עבודה עם דיג׳רידו היא אותו דבר.
      ref: e123
      name: "עבודה אקטיבית עם הנשימה היומיומית, דרך תרגול בדיג׳רידו, למידה וליווי אישי. תהליך מתמשך שמשפיע על הנשימה ועל איכות החיים לטווח הארוך. למי זה מתאים: למי שמוכן להיכנס לתהליך אישי הדרגתי, ולעבוד באופן אקט"
      ref: e124
      name: "עבודה פאסיבית של הקשבה לצליל דרך הגוף. הצליל פועל על האדם מבחוץ. לרוב מדובר במפגש נקודתי, עם השפעה מיידית הפועלת בעיקר לטווח הקצר. למי זה מתאים: למי שמחפש חוויה של הרפיה עמוקה, עצירה מהשגרה, התקרקעות"
      ref: e125
      name: "לימוד נגינה והתפתחות מוזיקלית. העבודה מתמקדת בשליטה בכלי, בקצב ובצליל, כולל הטמעה של טכניקת הנשימה המעגלית בדיג׳רידו. למי זה מתאים: למי שרוצה ללמוד לנגן, להתפתח מוזיקלית, וליהנות מהדיג׳רידו ככלי נגינה"
      ref: e126
    - role: heading
      name: עדויות והמלצות
      ref: e127
      level: 2
    - role: region
      name: עדויות והמלצות
      ref: e128
    - role: heading
      name: שאלות נפוצות
      ref: e129
      level: 2
      name: טיפול בדיג׳רידו הוא תהליך שבו עובדים באופן אקטיבי עם הנשימה היומיומית, באמצעות תרגול בדיג׳רידו, למידה וליווי אישי.
      ref: e130
      name: הדיג׳רידו משמש ככלי עבודה שמאפשר לדייק, לחזק ולווסת את מערכת הנשימה, אבל הוא לא המטרה.
      ref: e131
      name: המטרה היא להטיב ולהשפיע על האופן שבו נושמים ביומיום.
      ref: e132
      name: בסאונד הילינג האדם מקשיב לצליל בצורה פאסיבית. הצליל פועל עליו מבחוץ.
      ref: e133
      name: בטיפול בדיג׳רידו העבודה היא אקטיבית. האדם עצמו לומד לעבוד עם הנשימה שלו דרך תרגול בדיג׳רידו.
      ref: e134
      name: "אפשר לומר בפשטות: בסאונד הילינג מקבלים חוויה, ובטיפול לומדים לעבוד עם הנשימה."
      ref: e135
      name: לא.
      ref: e136
      name: העבודה מתחילה מהבסיס, ואין צורך בידע קודם. לומדים בהדרגה גם את הנגינה וגם את העבודה עם הנשימה.
      ref: e137
      name: כדי לנגן בדיג׳רידו משתמשים בטכניקת נשימה מעגלית בדיג׳רידו, שדורשת שליטה ויכולת ויסות של מערכת הנשימה.
      ref: e138
      name: התרגול הזה משפיע בהדרגה על הנשימה היומיומית, ומשנה את האופן שבו הגוף נושם גם מחוץ למפגש.
      ref: e139
      name: כן.
      ref: e140
      name: אין צורך ברקע, אמונה או גישה מסוימת. העבודה היא פשוטה וישירה, ומתאימה למגוון רחב של אנשים.
      ref: e141
      name: אל המרכז לטיפול בדיג׳רידו מגיעים אנשים מכל קצוות הארץ, מגילאים שונים, מרקעים שונים ומכל תחומי החיים, בלי קשר למין, דת, לאום או אורח חיים.
      ref: e142
      name: הנשימה היא לכולם.
      ref: e143
      name: "השאלה הזו יכולה להתייחס לשני דברים שונים: נשימה יומיומית, וטכניקת נשימה מעגלית בדיג׳רידו."
      ref: e144
      name: אפשר לשים לב לנשימה, אבל לרוב קשה לראות לבד מה באמת קורה, ועל מה בדיוק צריך לעבוד.
      ref: e145
      name: הדיג׳רידו והליווי האישי יוצרים מסגרת ברורה, שמאפשרת דיוק, פידבק בזמן אמת והתקדמות יציבה.
      ref: e146
      name: יש הרבה דרכים לעבוד עם נשימה.
      ref: e147
      name: הייחוד כאן הוא בשילוב בין כלי פיזי, צליל ותהליך למידה הדרגתי, שבו האדם עצמו לומד לעבוד עם הנשימה שלו.
      ref: e148
      name: טכניקת הנשימה המעגלית בדיג׳רידו מחייבת דיוק, תזמון ושליטה, ומובילה את הגוף להתארגן אחרת ולפתח יכולת ויסות אמיתית.
      ref: e149
      name: בנוסף, העבודה עם הדיג׳רידו היא חווייתית ומעניינת, ולרבים היא מאפשרת התמדה לאורך זמן בצורה טבעית יותר.
      ref: e150
      name: יש הבדל בין נשימה מעגלית ריברסינג לבין נשימה מעגלית בדיג׳רידו.
      ref: e151
      name: בנשימה מעגלית ריברסינג, מדובר בתרגול נשימתי רציף, אך הוא אינו מלמד לנגן בדיג׳רידו.
      ref: e152
      name: בנשימה מעגלית בדיג׳רידו, מדובר בטכניקה פיזית שונה לחלוטין, שדורשת תזמון, קואורדינציה ושליטה, ומאפשרת הפקת צליל רציף דרך הכלי.
      ref: e153
      name: לא.
      ref: e154
      name: העבודה כאן אינה טיפול רפואי, אלא תהליך של למידה ועבודה עם הנשימה.
      ref: e155
      name: כן, במקרים רבים אנשים מגיעים בדיוק מהמקום הזה.
      ref: e156
      name: העבודה עם הנשימה יכולה לעזור לייצב ולהרגיע, אבל היא נעשית כתהליך ולא כפתרון מיידי.
      ref: e157
      name: זה משתנה מאדם לאדם.
      ref: e158
      name: יש מי שמרגיש שינוי כבר בהתחלה, אבל השינוי המשמעותי נבנה לאורך זמן דרך תרגול והתמדה.
      ref: e159
      name: אין זמן קבוע.
      ref: e160
      name: זה תהליך אישי, שיכול להימשך תקופה קצרה או ארוכה יותר בהתאם לצורך.
      ref: e161
      name: כן.
      ref: e162
      name: התרגול בין המפגשים הוא חלק חשוב מהתהליך, ושם הרבה מהשינוי מתבסס.
      ref: e163
      name: המפגש הראשון כולל היכרות ואבחון, ולכן הוא לרוב מעט ארוך יותר.
      ref: e164
      name: העבודה מתאימה לרוב האנשים, אך יש מצבים שבהם כדאי להתייעץ מראש.
      ref: e165
      name: "לדוגמה: נשים בהריון, מצבים נפשיים מורכבים, מצבים רפואיים חריגים."
      ref: e166
      name: בנוסף, העבודה מתאימה בדרך כלל מגיל 17 ומעלה.
      ref: e167
    - role: heading
      name: איך עובד הטיפול בדיג׳רידו
      ref: e168
      level: 2
      name: הנשימה היומיומית מושפעת ממה שקורה בגוף ובתודעה, והיא גם משפיעה עליהם בחזרה.
      ref: e169
      name: ברוב הזמן היא מתרחשת מעצמה, ומשקפת את המצב שבו אנחנו נמצאים.
      ref: e170
      name: אבל כשמפנים אליה תשומת לב, מתגלה האפשרות לעבוד איתה, ולהתחיל להשפיע דרכה על הגוף ועל התודעה.
      ref: e171
      name: הנגינה בדיג׳רידו מתאפשרת באמצעות טכניקת נשימה מעגלית בדיג׳רידו, שמאפשרת הפקת צליל רציף ללא הפסקות.
      ref: e172
      name: דרך תהליך של למידה, דיוק ותרגול של טכניקת הנשימה המעגלית בדיג׳רידו, הגוף לומד להתארגן אחרת, להחזיק יציבות, לווסת את הנשימה ולהירגע.
      ref: e173
      name: בטיפול בדיג׳רידו, טכניקת הנשימה המעגלית בדיג׳רידו אינה המטרה, אלא אמצעי.
      ref: e174
      name: המטרה היא להשפיע על הנשימה היומיומית, זו שמלווה את האדם לאורך כל היום וגם בזמן השינה.
      ref: e175
    - role: heading
      name: תהליך שנבנה בהדרגה
      ref: e176
      level: 2
      name: הטיפול בדיג׳רידו הוא תהליך שנבנה בהדרגה. לא מפגש אחד, אלא עבודה שמתפתחת לאורך זמן.
      ref: e177
      name: בהתחלה, פוגשים את הנשימה היומיומית כפי שהיא. לומדים להרגיש אותה ולהבין איך היא מתנהלת.
      ref: e178
      name: בהמשך, העבודה נעשית מדויקת יותר. מתרגלים, מחזקים ומפתחים שליטה ויציבות.
      ref: e179
      name: הדיג׳רידו משמש ככלי שמכוון ומדייק, ומאפשר לחוות בזמן אמת מה קורה לנשימה.
      ref: e180
      name: עם הזמן, משהו מתחיל להתבסס. הנשימה היומיומית נעשית יציבה יותר, מדויקת יותר ומווסתת יותר.
      ref: e181
      name: והשינוי לא נשאר רק בתוך המפגש. הוא מתחיל להופיע גם ביומיום, בייחוד ברגעים של עומס או חוסר שקט.
      ref: e182
      name: העבודה כוללת גם תרגול בין המפגשים. שם מתרחש חלק משמעותי מהתהליך.
      ref: e183
      name: זה לא תהליך מהיר, ודורש סבלנות, נחישות והתמדה, אבל הוא גם מהנה, מעניין ומתגמל, ומאפשר שינוי עמוק שנשאר לאורך זמן.
      ref: e184
    - role: heading
      name: במהלך המפגש
      ref: e185
      level: 2
      name: במהלך המפגש עובדים בצורה הדרגתית, בקצב שמתאים לאדם שמגיע.
      ref: e186
      name: "העבודה משלבת: תרגול עם הנשימה היומיומית, לימוד טכניקת הנשימה המעגלית בדיג׳רידו, עבודה עם הדיג׳רידו ככלי מכוון."
      ref: e187
    - role: heading
      name: מה ההבדל בין טיפול, סאונד הילינג ושיעורים
      ref: e188
      level: 2
      name: לא כל עבודה עם דיג׳רידו היא אותו דבר.
      ref: e189
      name: ההבדל המרכזי הוא פשוט.
      ref: e190
      name: בטיפול בדיג׳רידו נכנסים לתהליך אישי ולומדים לעבוד באופן אקטיבי עם הנשימה היומיומית,
      ref: e191
      name: בסאונד הילינג חווים מפגש נקודתי של הקשבה פאסיבית לצליל,
      ref: e192
      name: ובשיעורים מתמקדים בלימוד נגינה ובהתפתחות מוזיקלית דרך הכלי.
      ref: e193
    - role: heading
      name: מי זה אייל עמית
      ref: e194
      level: 2
      name: אייל עמית עוסק בעבודה עם נשימה ודיג׳רידו מאז 1999, ונחשב לאחד הוותיקים והמנוסים בתחום בישראל.
      ref: e195
      name: את המרכז לטיפול בדיג׳רידו בפרדס חנה הקים מתוך רצון לקדם, להנגיש וללמד את העבודה עם הדיג׳רידו ככלי להשפעה על הגוף, הנשימה והתודעה.
      ref: e196
      name: הוא מטפל ומלמד בשיטה סדורה, שנבנתה לאורך שנים של ניסיון מעשי.
      ref: e197
      name: העבודה שלו מבוססת על שיטת cbDIDG , ובהשראת חניכה אישית אצל המאסטר לדיג׳רידו – מוקש דהימן .
      ref: e198
      name: לאורך השנים ליווה מאות אנשים בתהליכים אישיים, ובנה דרך עבודה מדויקת, נגישה ועמוקה.
      ref: e199
    - role: heading
      name: סיום והזמנה לתהליך
      ref: e200
      level: 2
      name: לא כל אחד מגיע לכאן מאותה סיבה.
      ref: e201
      name: יש מי שמרגיש עומס, יש מי שמחפש שקט, ויש מי שפשוט רוצה להבין את הנשימה שלו טוב יותר.
      ref: e202
      name: אבל אצל כולם, בשלב מסוים, עולה אותה תחושה, שמשהו בנשימה מבקש תשומת לב.
      ref: e203
      name: אם זה מדבר אליך, אפשר להתחיל.
      ref: e204
      name: לא צריך ניסיון קודם, ולא צריך לדעת לאן זה יוביל.
      ref: e205
      name: רק להגיע, ולהתחיל להקשיב.
      ref: e206
      name: המפגשים מתקיימים בפרדס חנה, בתיאום מראש.
      ref: e207
    - role: heading
      name: דיסקליימר
      ref: e208
      level: 2
      name: המידע באתר זה אינו מהווה ייעוץ רפואי, אבחון או טיפול רפואי, ואינו מחליף פנייה לאיש מקצוע מוסמך.
      ref: e209
      name: במקרים של מצב רפואי או נפשי, יש להתייעץ עם גורם רפואי מוסמך לפני תחילת התהליך.
      ref: e210
    - role: heading
      name: אם זה מדבר אליך, אפשר להתחיל.
      ref: e211
      level: 2
      name: לא כל אחד מגיע לכאן מאותה סיבה. יש מי שמרגיש עומס, יש מי שמחפש שקט, ויש מי שפשוט רוצה להבין את הנשימה שלו טוב יותר. אבל אצל כולם, בשלב מסוים, עולה אותה תחושה, שמשהו בנשימה מבקש תשומת לב.
      ref: e212
    - role: heading
      name: מה מציעים
      ref: e213
      level: 4
    - role: heading
      name: עוד
      ref: e214
      level: 4
      name: המרכז לטיפול בנשימה באמצעות דיג׳רידו · פרדס חנה, ישראל. שיטת cbDIDG, מאז 1999.
      ref: e215
      name: © 2026 אייל עמית · כל הזכויות שמורות
      ref: e216