{
  "base": "http://eyalamit-co-il-2026.s887.upress.link",
  "ts": "2026-07-16T20:57:40.975Z",
  "total": 4,
  "failures": 0,
  "verdict": "PASS",
  "results": [
    {
      "viewport": "mobile",
      "page": "_qr_qr2_",
      "url": "/qr/qr2/",
      "http_rendered": true,
      "scrollWidth": 375,
      "clientWidth": 375,
      "overflow": false,
      "forbiddenFound": [],
      "title": "qr2 - אקדח לתוך הראש - eyal amit",
      "screenshot": null,
      "pass": true
    },
    {
      "viewport": "mobile",
      "page": "_qr_qr10_",
      "url": "/qr/qr10/",
      "http_rendered": true,
      "scrollWidth": 375,
      "clientWidth": 375,
      "overflow": false,
      "forbiddenFound": [],
      "title": "qr10 - וואט איז דאט? - eyal amit",
      "screenshot": null,
      "pass": true
    },
    {
      "viewport": "desktop",
      "page": "_qr_qr2_",
      "url": "/qr/qr2/",
      "http_rendered": true,
      "scrollWidth": 1440,
      "clientWidth": 1440,
      "overflow": false,
      "forbiddenFound": [],
      "title": "qr2 - אקדח לתוך הראש - eyal amit",
      "screenshot": null,
      "pass": true
    },
    {
      "viewport": "desktop",
      "page": "_qr_qr10_",
      "url": "/qr/qr10/",
      "http_rendered": true,
      "scrollWidth": 1440,
      "clientWidth": 1440,
      "overflow": false,
      "forbiddenFound": [],
      "title": "qr10 - וואט איז דאט? - eyal amit",
      "screenshot": null,
      "pass": true
    }
  ]
}
