## Verdict: **PASS_WITH_FINDINGS**

הביקורת הושלמה. הפלט: [`_COMMUNICATION/team_90/VERDICT-S004-RECONCILIATION-REGISTRATION-2026-07-16.md`](file:///Users/nimrod/Documents/AOS_V5/EyalAmit.co.il-2026/_COMMUNICATION/team_90/VERDICT-S004-RECONCILIATION-REGISTRATION-2026-07-16.md)

### מסקנה מרכזית
**team_100 לא רשם יתר על המידה.** שבע החבילות (WP-S4-01..06, 08) ראויות ל-`LOD500_LOCKED`; WP-S4-07 נשאר פתוח ונרשם נכון כ-`SUPERSEDED` → WP-S5-07. אין חבילה שננעלה בזמן ש-`route_recommendation` חוסם נקבר בשקט.

### מה נבדק ואושר
| נושא | תוצאה |
|------|--------|
| דגלי verdict מול `gate_history` | תואמים — אין ניפוח PASS ב-`gate_history` |
| WP-S4-07 | SUPERSEDED נכון; `closure_note` מילולי מול ה-verdict; לא היה ראוי ל-COMPLETE (AC-10 = FAIL) |
| הכרעת AC-11 | **מקובלת** — verdict אומר «not due to content defects», AC-2 = 0, team_00 אישר |
| הערת L62 | 7/8, שקיפות, שימור 32/32 routes וכו' |
| הסתייגות team_190 (engine shared) | נרשמה נאמנה |
| WP-S5-07 + `WP-S5-05.blocked_by` | תואם ROUTING-REQUEST |
| Hygiene | YAML OK · validate_aos 0 FAIL · אין IN_PROGRESS מ-S004 · כל ה-artifacts קיימים |

### ממצאים (אין blocker)
1. **major (F-01)** — פסקה ב-L126–130 עדיין טוענת שכל 8 חבילות S004 ב-`IN_PROGRESS` ושה-drift «לא תוקן» — **סותר** את תיקון L62–75 ואת הרישום בפועל.
2. **minor (F-02)** — `gate_result` של WP-S4-01 אומר `PASS`; ה-verdict ו-`gate_history` אומרים `PASS_WITH_FINDINGS`.
3. **minor (F-03)** — הערה ב-S4-06 ש-F-01 «נסגר ב-WP-S5-07» מערבבת את glow ב-`/method/` (כבר מסומן) עם פער FAQ `method-02` (זה מה ש-S5-07 בא לסגור).
4. **minor (F-04)** — L121–124 היסטורי מעודכן חלקית אחרי הרישום.

### צעד מומלץ ל-team_100 (לא חוסם)
לתקן/לסמן את L126–130 ב-roadmap — זה הממצא היחיד שעלול לבלבל ביקורת עתידית. לא נגעתי ב-`_aos/` לפי המנדט.

**בעלות הבאה:** team_100 — תיקון הערה הישנה (F-01); team_110 — המשך build ל-WP-S5-07 לפי LOD400 שכבר עבר L-GATE_SPEC.
