{
  "base": "http://eyalamit-co-il-2026.s887.upress.link",
  "ts": "2026-07-15T09:52:40.331Z",
  "total": 22,
  "failures": 0,
  "verdict": "PASS",
  "results": [
    {
      "viewport": "mobile",
      "page": "home",
      "url": "/",
      "http_rendered": true,
      "scrollWidth": 375,
      "clientWidth": 375,
      "overflow": false,
      "forbiddenFound": [],
      "title": "בית - eyal amit",
      "screenshot": "_COMMUNICATION/team_90/evidence/wp-s4-03-2026-07-15/qa_probe/screenshots/home_mobile.png",
      "pass": true
    },
    {
      "viewport": "mobile",
      "page": "method",
      "url": "/method/",
      "http_rendered": true,
      "scrollWidth": 375,
      "clientWidth": 375,
      "overflow": false,
      "forbiddenFound": [],
      "title": "השיטה - eyal amit",
      "screenshot": "_COMMUNICATION/team_90/evidence/wp-s4-03-2026-07-15/qa_probe/screenshots/method_mobile.png",
      "pass": true
    },
    {
      "viewport": "mobile",
      "page": "faq",
      "url": "/faq/",
      "http_rendered": true,
      "scrollWidth": 375,
      "clientWidth": 375,
      "overflow": false,
      "forbiddenFound": [],
      "title": "שאלות נפוצות (FAQ) - eyal amit",
      "screenshot": "_COMMUNICATION/team_90/evidence/wp-s4-03-2026-07-15/qa_probe/screenshots/faq_mobile.png",
      "pass": true
    },
    {
      "viewport": "mobile",
      "page": "repair",
      "url": "/repair/",
      "http_rendered": true,
      "scrollWidth": 375,
      "clientWidth": 375,
      "overflow": false,
      "forbiddenFound": [],
      "title": "תיקון וחידוש דיג'רידו - eyal amit",
      "screenshot": "_COMMUNICATION/team_90/evidence/wp-s4-03-2026-07-15/qa_probe/screenshots/repair_mobile.png",
      "pass": true
    },
    {
      "viewport": "mobile",
      "page": "kushi",
      "url": "/books/kushi-blantis/",
      "http_rendered": true,
      "scrollWidth": 375,
      "clientWidth": 375,
      "overflow": false,
      "forbiddenFound": [],
      "title": "כושי בלאנטיס - eyal amit",
      "screenshot": "_COMMUNICATION/team_90/evidence/wp-s4-03-2026-07-15/qa_probe/screenshots/kushi_mobile.png",
      "pass": true
    },
    {
      "viewport": "mobile",
      "page": "vekatavta",
      "url": "/books/vekatavta/",
      "http_rendered": true,
      "scrollWidth": 375,
      "clientWidth": 375,
      "overflow": false,
      "forbiddenFound": [],
      "title": "וכתבת - eyal amit",
      "screenshot": "_COMMUNICATION/team_90/evidence/wp-s4-03-2026-07-15/qa_probe/screenshots/vekatavta_mobile.png",
      "pass": true
    },
    {
      "viewport": "mobile",
      "page": "tsva",
      "url": "/books/tsva-bekahol/",
      "http_rendered": true,
      "scrollWidth": 375,
      "clientWidth": 375,
      "overflow": false,
      "forbiddenFound": [],
      "title": "צבע בכחול וזרוק לים - eyal amit",
      "screenshot": "_COMMUNICATION/team_90/evidence/wp-s4-03-2026-07-15/qa_probe/screenshots/tsva_mobile.png",
      "pass": true
    },
    {
      "viewport": "mobile",
      "page": "treatment",
      "url": "/treatment/",
      "http_rendered": true,
      "scrollWidth": 375,
      "clientWidth": 375,
      "overflow": false,
      "forbiddenFound": [],
      "title": "טיפול בדיג'רידו - eyal amit",
      "screenshot": "_COMMUNICATION/team_90/evidence/wp-s4-03-2026-07-15/qa_probe/screenshots/treatment_mobile.png",
      "pass": true
    },
    {
      "viewport": "mobile",
      "page": "sound-healing",
      "url": "/sound-healing/",
      "http_rendered": true,
      "scrollWidth": 375,
      "clientWidth": 375,
      "overflow": false,
      "forbiddenFound": [],
      "title": "סאונד הילינג - eyal amit",
      "screenshot": "_COMMUNICATION/team_90/evidence/wp-s4-03-2026-07-15/qa_probe/screenshots/sound-healing_mobile.png",
      "pass": true
    },
    {
      "viewport": "mobile",
      "page": "lessons",
      "url": "/lessons/",
      "http_rendered": true,
      "scrollWidth": 375,
      "clientWidth": 375,
      "overflow": false,
      "forbiddenFound": [],
      "title": "שיעורי דיג'רידו - eyal amit",
      "screenshot": "_COMMUNICATION/team_90/evidence/wp-s4-03-2026-07-15/qa_probe/screenshots/lessons_mobile.png",
      "pass": true
    },
    {
      "viewport": "mobile",
      "page": "didgeridoos",
      "url": "/didgeridoos/",
      "http_rendered": true,
      "scrollWidth": 375,
      "clientWidth": 375,
      "overflow": false,
      "forbiddenFound": [],
      "title": "כלי דיג'רידו למכירה - eyal amit",
      "screenshot": "_COMMUNICATION/team_90/evidence/wp-s4-03-2026-07-15/qa_probe/screenshots/didgeridoos_mobile.png",
      "pass": true
    },
    {
      "viewport": "desktop",
      "page": "home",
      "url": "/",
      "http_rendered": true,
      "scrollWidth": 1440,
      "clientWidth": 1440,
      "overflow": false,
      "forbiddenFound": [],
      "title": "בית - eyal amit",
      "screenshot": "_COMMUNICATION/team_90/evidence/wp-s4-03-2026-07-15/qa_probe/screenshots/home_desktop.png",
      "pass": true
    },
    {
      "viewport": "desktop",
      "page": "method",
      "url": "/method/",
      "http_rendered": true,
      "scrollWidth": 1440,
      "clientWidth": 1440,
      "overflow": false,
      "forbiddenFound": [],
      "title": "השיטה - eyal amit",
      "screenshot": "_COMMUNICATION/team_90/evidence/wp-s4-03-2026-07-15/qa_probe/screenshots/method_desktop.png",
      "pass": true
    },
    {
      "viewport": "desktop",
      "page": "faq",
      "url": "/faq/",
      "http_rendered": true,
      "scrollWidth": 1440,
      "clientWidth": 1440,
      "overflow": false,
      "forbiddenFound": [],
      "title": "שאלות נפוצות (FAQ) - eyal amit",
      "screenshot": "_COMMUNICATION/team_90/evidence/wp-s4-03-2026-07-15/qa_probe/screenshots/faq_desktop.png",
      "pass": true
    },
    {
      "viewport": "desktop",
      "page": "repair",
      "url": "/repair/",
      "http_rendered": true,
      "scrollWidth": 1440,
      "clientWidth": 1440,
      "overflow": false,
      "forbiddenFound": [],
      "title": "תיקון וחידוש דיג'רידו - eyal amit",
      "screenshot": "_COMMUNICATION/team_90/evidence/wp-s4-03-2026-07-15/qa_probe/screenshots/repair_desktop.png",
      "pass": true
    },
    {
      "viewport": "desktop",
      "page": "kushi",
      "url": "/books/kushi-blantis/",
      "http_rendered": true,
      "scrollWidth": 1440,
      "clientWidth": 1440,
      "overflow": false,
      "forbiddenFound": [],
      "title": "כושי בלאנטיס - eyal amit",
      "screenshot": "_COMMUNICATION/team_90/evidence/wp-s4-03-2026-07-15/qa_probe/screenshots/kushi_desktop.png",
      "pass": true
    },
    {
      "viewport": "desktop",
      "page": "vekatavta",
      "url": "/books/vekatavta/",
      "http_rendered": true,
      "scrollWidth": 1440,
      "clientWidth": 1440,
      "overflow": false,
      "forbiddenFound": [],
      "title": "וכתבת - eyal amit",
      "screenshot": "_COMMUNICATION/team_90/evidence/wp-s4-03-2026-07-15/qa_probe/screenshots/vekatavta_desktop.png",
      "pass": true
    },
    {
      "viewport": "desktop",
      "page": "tsva",
      "url": "/books/tsva-bekahol/",
      "http_rendered": true,
      "scrollWidth": 1440,
      "clientWidth": 1440,
      "overflow": false,
      "forbiddenFound": [],
      "title": "צבע בכחול וזרוק לים - eyal amit",
      "screenshot": "_COMMUNICATION/team_90/evidence/wp-s4-03-2026-07-15/qa_probe/screenshots/tsva_desktop.png",
      "pass": true
    },
    {
      "viewport": "desktop",
      "page": "treatment",
      "url": "/treatment/",
      "http_rendered": true,
      "scrollWidth": 1440,
      "clientWidth": 1440,
      "overflow": false,
      "forbiddenFound": [],
      "title": "טיפול בדיג'רידו - eyal amit",
      "screenshot": "_COMMUNICATION/team_90/evidence/wp-s4-03-2026-07-15/qa_probe/screenshots/treatment_desktop.png",
      "pass": true
    },
    {
      "viewport": "desktop",
      "page": "sound-healing",
      "url": "/sound-healing/",
      "http_rendered": true,
      "scrollWidth": 1440,
      "clientWidth": 1440,
      "overflow": false,
      "forbiddenFound": [],
      "title": "סאונד הילינג - eyal amit",
      "screenshot": "_COMMUNICATION/team_90/evidence/wp-s4-03-2026-07-15/qa_probe/screenshots/sound-healing_desktop.png",
      "pass": true
    },
    {
      "viewport": "desktop",
      "page": "lessons",
      "url": "/lessons/",
      "http_rendered": true,
      "scrollWidth": 1440,
      "clientWidth": 1440,
      "overflow": false,
      "forbiddenFound": [],
      "title": "שיעורי דיג'רידו - eyal amit",
      "screenshot": "_COMMUNICATION/team_90/evidence/wp-s4-03-2026-07-15/qa_probe/screenshots/lessons_desktop.png",
      "pass": true
    },
    {
      "viewport": "desktop",
      "page": "didgeridoos",
      "url": "/didgeridoos/",
      "http_rendered": true,
      "scrollWidth": 1440,
      "clientWidth": 1440,
      "overflow": false,
      "forbiddenFound": [],
      "title": "כלי דיג'רידו למכירה - eyal amit",
      "screenshot": "_COMMUNICATION/team_90/evidence/wp-s4-03-2026-07-15/qa_probe/screenshots/didgeridoos_desktop.png",
      "pass": true
    }
  ]
}
