{
  "base": "http://eyalamit-co-il-2026.s887.upress.link",
  "ts": "2026-07-15T09:08:35.275Z",
  "total": 2,
  "failures": 0,
  "verdict": "PASS",
  "results": [
    {
      "viewport": "mobile",
      "page": "_snoring_sleep_apnea_",
      "url": "/snoring-sleep-apnea/",
      "http_rendered": true,
      "scrollWidth": 375,
      "clientWidth": 375,
      "overflow": false,
      "forbiddenFound": [],
      "title": "דיג׳רידו, נחירות ודום נשימה בשינה - eyal amit",
      "screenshot": "_COMMUNICATION/team_90/evidence/wp-s4-01-2026-07-15/screenshots/_snoring_sleep_apnea__mobile.png",
      "pass": true
    },
    {
      "viewport": "desktop",
      "page": "_snoring_sleep_apnea_",
      "url": "/snoring-sleep-apnea/",
      "http_rendered": true,
      "scrollWidth": 1440,
      "clientWidth": 1440,
      "overflow": false,
      "forbiddenFound": [],
      "title": "דיג׳רידו, נחירות ודום נשימה בשינה - eyal amit",
      "screenshot": "_COMMUNICATION/team_90/evidence/wp-s4-01-2026-07-15/screenshots/_snoring_sleep_apnea__desktop.png",
      "pass": true
    }
  ]
}
