{
  "base": "http://eyalamit-co-il-2026.s887.upress.link",
  "ts": "2026-07-15T09:31:51.904Z",
  "total": 16,
  "failures": 0,
  "verdict": "PASS",
  "results": [
    {
      "viewport": "mobile",
      "page": "_learning_",
      "url": "/learning/",
      "http_rendered": true,
      "scrollWidth": 375,
      "clientWidth": 375,
      "overflow": false,
      "forbiddenFound": [],
      "title": "לימוד והכשרה - eyal amit",
      "screenshot": "_COMMUNICATION/team_90/evidence/wp-s4-04-2026-07-15/screenshots/_learning__mobile.png",
      "pass": true
    },
    {
      "viewport": "mobile",
      "page": "_learning_therapist_training_",
      "url": "/learning/therapist-training/",
      "http_rendered": true,
      "scrollWidth": 375,
      "clientWidth": 375,
      "overflow": false,
      "forbiddenFound": [],
      "title": "הכשרות למטפלים - eyal amit",
      "screenshot": "_COMMUNICATION/team_90/evidence/wp-s4-04-2026-07-15/screenshots/_learning_therapist_training__mobile.png",
      "pass": true
    },
    {
      "viewport": "mobile",
      "page": "_learning_lectures_",
      "url": "/learning/lectures/",
      "http_rendered": true,
      "scrollWidth": 375,
      "clientWidth": 375,
      "overflow": false,
      "forbiddenFound": [],
      "title": "הרצאות - eyal amit",
      "screenshot": "_COMMUNICATION/team_90/evidence/wp-s4-04-2026-07-15/screenshots/_learning_lectures__mobile.png",
      "pass": true
    },
    {
      "viewport": "mobile",
      "page": "_learning_workshops_",
      "url": "/learning/workshops/",
      "http_rendered": true,
      "scrollWidth": 375,
      "clientWidth": 375,
      "overflow": false,
      "forbiddenFound": [],
      "title": "סדנאות - eyal amit",
      "screenshot": "_COMMUNICATION/team_90/evidence/wp-s4-04-2026-07-15/screenshots/_learning_workshops__mobile.png",
      "pass": true
    },
    {
      "viewport": "mobile",
      "page": "_privacy_",
      "url": "/privacy/",
      "http_rendered": true,
      "scrollWidth": 375,
      "clientWidth": 375,
      "overflow": false,
      "forbiddenFound": [],
      "title": "מדיניות פרטיות - eyal amit",
      "screenshot": "_COMMUNICATION/team_90/evidence/wp-s4-04-2026-07-15/screenshots/_privacy__mobile.png",
      "pass": true
    },
    {
      "viewport": "mobile",
      "page": "_accessibility_",
      "url": "/accessibility/",
      "http_rendered": true,
      "scrollWidth": 375,
      "clientWidth": 375,
      "overflow": false,
      "forbiddenFound": [],
      "title": "הצהרת נגישות - eyal amit",
      "screenshot": "_COMMUNICATION/team_90/evidence/wp-s4-04-2026-07-15/screenshots/_accessibility__mobile.png",
      "pass": true
    },
    {
      "viewport": "mobile",
      "page": "_terms_",
      "url": "/terms/",
      "http_rendered": true,
      "scrollWidth": 375,
      "clientWidth": 375,
      "overflow": false,
      "forbiddenFound": [],
      "title": "תקנון - eyal amit",
      "screenshot": "_COMMUNICATION/team_90/evidence/wp-s4-04-2026-07-15/screenshots/_terms__mobile.png",
      "pass": true
    },
    {
      "viewport": "mobile",
      "page": "_en_",
      "url": "/en/",
      "http_rendered": true,
      "scrollWidth": 375,
      "clientWidth": 375,
      "overflow": false,
      "forbiddenFound": [],
      "title": "English - eyal amit",
      "screenshot": "_COMMUNICATION/team_90/evidence/wp-s4-04-2026-07-15/screenshots/_en__mobile.png",
      "pass": true
    },
    {
      "viewport": "desktop",
      "page": "_learning_",
      "url": "/learning/",
      "http_rendered": true,
      "scrollWidth": 1440,
      "clientWidth": 1440,
      "overflow": false,
      "forbiddenFound": [],
      "title": "לימוד והכשרה - eyal amit",
      "screenshot": "_COMMUNICATION/team_90/evidence/wp-s4-04-2026-07-15/screenshots/_learning__desktop.png",
      "pass": true
    },
    {
      "viewport": "desktop",
      "page": "_learning_therapist_training_",
      "url": "/learning/therapist-training/",
      "http_rendered": true,
      "scrollWidth": 1440,
      "clientWidth": 1440,
      "overflow": false,
      "forbiddenFound": [],
      "title": "הכשרות למטפלים - eyal amit",
      "screenshot": "_COMMUNICATION/team_90/evidence/wp-s4-04-2026-07-15/screenshots/_learning_therapist_training__desktop.png",
      "pass": true
    },
    {
      "viewport": "desktop",
      "page": "_learning_lectures_",
      "url": "/learning/lectures/",
      "http_rendered": true,
      "scrollWidth": 1440,
      "clientWidth": 1440,
      "overflow": false,
      "forbiddenFound": [],
      "title": "הרצאות - eyal amit",
      "screenshot": "_COMMUNICATION/team_90/evidence/wp-s4-04-2026-07-15/screenshots/_learning_lectures__desktop.png",
      "pass": true
    },
    {
      "viewport": "desktop",
      "page": "_learning_workshops_",
      "url": "/learning/workshops/",
      "http_rendered": true,
      "scrollWidth": 1440,
      "clientWidth": 1440,
      "overflow": false,
      "forbiddenFound": [],
      "title": "סדנאות - eyal amit",
      "screenshot": "_COMMUNICATION/team_90/evidence/wp-s4-04-2026-07-15/screenshots/_learning_workshops__desktop.png",
      "pass": true
    },
    {
      "viewport": "desktop",
      "page": "_privacy_",
      "url": "/privacy/",
      "http_rendered": true,
      "scrollWidth": 1440,
      "clientWidth": 1440,
      "overflow": false,
      "forbiddenFound": [],
      "title": "מדיניות פרטיות - eyal amit",
      "screenshot": "_COMMUNICATION/team_90/evidence/wp-s4-04-2026-07-15/screenshots/_privacy__desktop.png",
      "pass": true
    },
    {
      "viewport": "desktop",
      "page": "_accessibility_",
      "url": "/accessibility/",
      "http_rendered": true,
      "scrollWidth": 1440,
      "clientWidth": 1440,
      "overflow": false,
      "forbiddenFound": [],
      "title": "הצהרת נגישות - eyal amit",
      "screenshot": "_COMMUNICATION/team_90/evidence/wp-s4-04-2026-07-15/screenshots/_accessibility__desktop.png",
      "pass": true
    },
    {
      "viewport": "desktop",
      "page": "_terms_",
      "url": "/terms/",
      "http_rendered": true,
      "scrollWidth": 1440,
      "clientWidth": 1440,
      "overflow": false,
      "forbiddenFound": [],
      "title": "תקנון - eyal amit",
      "screenshot": "_COMMUNICATION/team_90/evidence/wp-s4-04-2026-07-15/screenshots/_terms__desktop.png",
      "pass": true
    },
    {
      "viewport": "desktop",
      "page": "_en_",
      "url": "/en/",
      "http_rendered": true,
      "scrollWidth": 1440,
      "clientWidth": 1440,
      "overflow": false,
      "forbiddenFound": [],
      "title": "English - eyal amit",
      "screenshot": "_COMMUNICATION/team_90/evidence/wp-s4-04-2026-07-15/screenshots/_en__desktop.png",
      "pass": true
    }
  ]
}
