Categories in WXR: 6
  = categorie exists: הוצאה-לאור-ספרים (id 9)
  = categorie exists: כללי (id 10)
  = categorie exists: כתבה-על-תופעת-יחיד-מופע-הסיפורים (id 11)
  = categorie exists: תופעת-יחיד-מופע-הסיפורים-של-אייל-עמית (id 12)
  = categorie exists: סיפורים-מהספר-וכתבת (id 13)
  = categorie exists: ספרים-בהוצאת-מוזה (id 14)
Distinct tags: 47
  = tag exists: האחים-עופר (id 15)
  + tag created: הון-שילטון (id 16)
  + tag created: הערוץ-הראשון (id 17)
  + tag created: וידאו (id 18)
  + tag created: מיקי-רוזנטל (id 19)
  + tag created: סמי-עופר (id 20)
    .. retry 1/6 after net error (<urlopen error [Errno 60] Operation timed out>); sleeping 2s
  + tag created: פוליטי (id 21)
  + tag created: דרמה (id 22)
  + tag created: זיכרון-ילדות (id 23)
  + tag created: טראומה (id 24)
  + tag created: ילדים (id 25)
  + tag created: פחד (id 26)
  + tag created: זוגיות (id 27)
  + tag created: דיג'רידו (id 28)
  + tag created: הופעה (id 29)
  + tag created: וידאו-בלוג (id 30)
  + tag created: כושי-בלאנטיס (id 31)
  + tag created: מוזה-הוצאה-לאור (id 32)
  + tag created: מוסיקה (id 33)
  + tag created: צבע-בכחול-וזרוק-לים (id 34)
  + tag created: מצחיק (id 35)
  + tag created: אקסטרים (id 36)
  + tag created: בייס-ג'אמפ (id 37)
  + tag created: חלומות (id 38)
  + tag created: ספורט (id 39)
  + tag created: פרוייקט-מטיילים-מצטלמים (id 40)
  + tag created: קידום-אתרים (id 41)
  + tag created: הדסטארט (id 42)
  + tag created: הוצאה-לאור (id 43)
  + tag created: וכתבת (id 44)
  + tag created: ספרים (id 45)
  + tag created: האזור (id 46)
  + tag created: מופע-סיפורים (id 47)
  + tag created: תופעת-יחיד (id 48)
  + tag created: תל-אביב (id 49)
  + tag created: צוותא (id 50)
  + tag created: ביקורות (id 51)
  + tag created: תגובות (id 52)
  + tag created: אקדח-לתוך-הראש (id 53)
  + tag created: שוד-בברזיל (id 54)
  + tag created: פרדס-חנה (id 55)
  + tag created: פרדס-חפלה (id 56)
  + tag created: חוק-הספרים (id 57)
  + tag created: אייל-עמית (id 58)
  + tag created: אמסטרדם (id 59)
  + tag created: ברצלונה (id 60)
  + tag created: טיולים (id 61)
  + post 1: 18-הטור-של-אייל-עמית-מסך-הברזל (id 186)
  + post 2: 23-הטור-של-אייל-עמית-לציית-או-לחשוב (id 187)
  + post 3: הטור-של-אייל-עמית-24-ילד-אסור-ילד-מותר (id 188)
  + post 4: 27-הטור-של-אייל-עמית-חכמת-הפרצוף (id 189)
  + post 5: 29-הטור-של-אייל-עמית-רייב-שבוע-הספר (id 190)
  + post 6: 32-הטור-של-אייל-עמית-אם-אין-אני-לי-מי-לי (id 191)
  + post 7: 34-הטור-של-אייל-עמית-הלב (id 192)
  + post 8: 36-הטור-של-אייל-עמית-שיטת-השקשוקה (id 193)
  + post 9: 40-הטור-של-אייל-עמית-פרסומת-אחת-וחזרנו (id 194)
  + post 10: 41-הטור-של-אייל-עמית-חארטה-בארטה (id 195)
  + post 11: 42-הטור-של-אייל-עמית-אחד-בספטמבר (id 196)
    .. retry 1/6 after net error (<urlopen error [Errno 60] Operation timed out>); sleeping 2s
    .. retry 1/6 after net error (timed out); sleeping 2s
  + post 12: 43-הטור-של-אייל-עמית-אדון-סליחות (id 197)
  + post 13: 45-הטור-של-אייל-עמית-פרופורציות (id 198)
  + post 14: 47-הטור-של-אייל-עמית-זמן-חלום (id 199)
  + post 15: 49-הטור-של-אייל-עמית-קומיק-רליף (id 200)
  + post 16: 51-הטור-של-אייל-עמית-אקסטרים-זה-נעים (id 201)
  + post 17: 60-הטור-של-אייל-עמית-איי-אם-בק (id 202)
  + post 18: דיגרידו-פרדס-חנה-סטודיו-לבנייה-ונגינ (id 203)
  + post 19: הטור-של-אייל-עמית-הספר-החדש-שלי-זקוק-ל (id 204)
  + post 20: עמית-ביָדִית-מופע-הסיפורים-של-אייל-עמי (id 205)
  + post 21: סרטים-מהחיים-מופע-הסיפורים-של-אייל-עמי (id 206)
  + post 22: ביקורות-גולשים-אודות-עכשיו-מופע-הסיפ (id 207)
  + post 23: לא-בעוד-רגע-לא-בעוד-שנייה-ע-כ-ש-י-ו (id 208)
  + post 24: הטור-של-אייל-עמית-איך-התחלתי-לכתוב-ולספ (id 209)
    .. retry 1/6 after net error (<urlopen error [Errno 60] Operation timed out>); sleeping 2s
  + post 25: 2-8-מופע-בצוותא-20-מהמקומות-באולם-חינם-לתוש (id 210)
    .. retry 1/6 after net error (<urlopen error [Errno 60] Operation timed out>); sleeping 2s
  + post 26: עכשיו-הופעה-במוצש-הקרוב-13-9-14-בפרדס-חנה (id 211)
  + post 27: עכשיו-מופע-הסיפורים-של-אייל-עמית-15-11-14-בת (id 212)
  + post 28: דף-פייסבוק-חדש-למופע-הזמנה-לשני-המופעי (id 213)
    .. retry 1/6 after net error ([Errno 60] Operation timed out); sleeping 2s
    .. retry 2/6 after net error (<urlopen error [Errno 60] Operation timed out>); sleeping 4s
    .. retry 1/6 after net error (<urlopen error [Errno 60] Operation timed out>); sleeping 2s
  + post 29: שנה-לחוק-הספרים-צניחה-של-35-במכירות-של-ספ (id 214)
  + post 30: שני-תאריכים-קרובים-למופע-הסיפורים-של-א (id 215)
  + post 31: 2228-2 (id 216)
  + post 32: מופע-הסיפורים-של-אייל-עמית-כתבה-מאת-רו (id 217)
    .. retry 1/6 after net error (<urlopen error [Errno 60] Operation timed out>); sleeping 2s
  + post 33: מופע-הסיפורים-של-אייל-עמית-שישי-23-10-15-בתיא (id 218)
  + post 34: עכשיו-מופע-הסיפורים-של-אייל-עמית-תופע (id 219)
  + post 35: אייל-עמית-תופעת-יחיד-מופע-סיפורים-spoken-stories-15 (id 220)
  + post 36: 100-100-100-תודה (id 221)
    .. retry 1/6 after net error ([Errno 60] Operation timed out); sleeping 2s
  + post 37: כתבה-על-תופעת-יחיד-ב-המקומון-גבעתיים-ר (id 222)
    .. retry 1/6 after net error (<urlopen error [Errno 60] Operation timed out>); sleeping 2s
  + post 38: הזמנה-להשקת-הספר-החדש-וכתבתָ-אייל-עמ (id 223)
  + post 39: סיפורים-מהנייר-עם-אייל-עמית (id 224)
  + post 40: את-הספר-החדש-שלי-לא-תמצאו-ברשתות-הספרים (id 225)
  + post 41: וסיפרתָּ-מופע-הספוקן-סטוריז-של-אייל-עמ (id 226)
  + post 42: כתבה-אודות-אייל-עמית-מורה-ומטפל-בדיגרי (id 227)
  + post 43: מוקש-דהימן-מאסטר-דיגרידו-ציור-מקורי-ח (id 228)
    .. retry 1/6 after net error (<urlopen error [Errno 60] Operation timed out>); sleeping 2s
  + post 44: טיפול-בפוסט-טראומה-לחייל-משוחרר-מגולנ (id 229)
    .. retry 1/6 after net error (<urlopen error [Errno 60] Operation timed out>); sleeping 2s
  + post 45: תלמידים-ומטופלים-ממליצים-על-המרכז-לטי (id 230)
  + post 46: סדנת-דיגרידו-קבוצתית-מקיפה-וייחודית-ל (id 231)
    .. retry 1/6 after net error (<urlopen error [Errno 60] Operation timed out>); sleeping 2s
  + post 47: נשים-מנגנות-בדיגרידו-אישה-מנגנת-בדיג (id 232)
  + post 48: נשימה-מעגלית-בדיגרידו-טיפול-ריפוי-עצ (id 233)
    .. retry 1/6 after net error (<urlopen error [Errno 60] Operation timed out>); sleeping 2s
  + post 49: ריברסינג-נשימה-מעגלית-דיגרידו (id 234)
    .. retry 1/6 after net error (<urlopen error [Errno 60] Operation timed out>); sleeping 2s
  + post 50: טיפול-בנשימה-באמצעות-דיגרידו-ללמוד-ל (id 235)
  + post 51: עוד-רגע-מחייו-של-מורה-לדיגרידו (id 236)
    .. retry 1/6 after net error (<urlopen error [Errno 60] Operation timed out>); sleeping 2s
  + post 52: פודקאסט-דיגרידו-ו-נשימה-אייל-עמית (id 237)
    .. retry 1/6 after net error (<urlopen error [Errno 60] Operation timed out>); sleeping 2s
  + post 53: מורה-לדיגרידו-מודה-למוריו-תלמידיו-ומט (id 238)
  + post 54: פודקאסט-דיגרידו-ו-נשימה-אייל-עמית-2 (id 239)

SUMMARY: created=54 skipped=0 failed=0 categories=6 tags=47
