## E2E verdict: **BLOCKED**

Delivered: `file:///Users/nimrod/Documents/AOS_V5/EyalAmit.co.il-2026/_COMMUNICATION/team_50/VERDICT-WPADMIN-EDIT-E2E-2026-07-15.md`

Evidence: `file:///Users/nimrod/Documents/AOS_V5/EyalAmit.co.il-2026/_COMMUNICATION/team_50/evidence/wpadmin-edit-e2e-2026-07-15/`

### What was proven
| Check | Result |
|-------|--------|
| **ACF active on staging** | **YES** — `advanced-custom-fields/acf` is `active` (REST `/wp/v2/plugins` via `UPRESS_WP_APP_USER`/`PASS`) |
| **ACF UI on edit screen** | **Not tested** — never reached wp-admin |
| **AC-EDIT** | **Not run** |
| **AC-FALLBACK (full cycle)** | **Not run** — baseline `/treatment/` shows seeded default (HTTP 200, no white-screen) only |
| **Cleanup** | **N/A** — no `__E2E__` residue |

### Blocker
`UPRESS_WP_ADMIN_PASS` in `local/.env.upress` does **not** work for `wp-login.php` (user `eyaladmin` — WordPress returns “password incorrect”). Reproduced via HTTP POST and headless CDP form submit.

`UPRESS_WP_APP_USER`/`UPRESS_WP_APP_PASS` **do** work for REST (`verify_upress_rest.py` OK), but Application Passwords cannot drive the wp-admin ACF editor.

### Planned test (not executed)
- Page: `/treatment/` (ID 54)
- Field: `s1_title` → `__E2E_EDIT_2026-07-15__`

### Human action required (team_20)
1. Retrieve/reset the real **wp-admin account password** for `eyaladmin` from uPress (not the Application Password).
2. Update `UPRESS_WP_ADMIN_PASS` in `local/.env.upress`.
3. Re-run this mandate — team_50 will complete AC-EDIT → AC-FALLBACK → cleanup in wp-admin.

Scripts saved under evidence: `wpadmin_edit_e2e_runner.py`, `wpadmin_login_cdp.mjs`, plus `results.json` and login HTML/JSON captures.
